✔ [verify:universe-33f79b03-expected] evidence/114-check-intentos-obligation-evidence.test.mjs :: foundation.mjs remains present at its exact unified-entry position (3.215375ms)
✔ [verify:universe-33f79b03-negative] evidence/114-check-intentos-obligation-evidence.test.mjs :: omitting runFoundationChecks is rejected by the exact-order contract (0.995583ms)
✔ [verify:universe-06f53a6d-expected] evidence/114-check-intentos-obligation-evidence.test.mjs :: adoption.mjs remains present at its exact unified-entry position (0.606ms)
✔ [verify:universe-06f53a6d-negative] evidence/114-check-intentos-obligation-evidence.test.mjs :: omitting runAdoptionChecks is rejected by the exact-order contract (0.2355ms)
✔ [verify:universe-6bce3aca-expected] evidence/114-check-intentos-obligation-evidence.test.mjs :: evidence.mjs remains present at its exact unified-entry position (1.032667ms)
✔ [verify:universe-6bce3aca-negative] evidence/114-check-intentos-obligation-evidence.test.mjs :: omitting runEvidenceChecks is rejected by the exact-order contract (0.246166ms)
✔ [verify:universe-267360df-expected] evidence/114-check-intentos-obligation-evidence.test.mjs :: architecture.mjs remains present at its exact unified-entry position (0.391375ms)
✔ [verify:universe-267360df-negative] evidence/114-check-intentos-obligation-evidence.test.mjs :: omitting runArchitectureChecks is rejected by the exact-order contract (0.09475ms)
✔ [verify:universe-7e157cbe-expected] evidence/114-check-intentos-obligation-evidence.test.mjs :: release.mjs remains present at its exact unified-entry position (0.546ms)
✔ [verify:universe-7e157cbe-negative] evidence/114-check-intentos-obligation-evidence.test.mjs :: omitting runReleaseChecks is rejected by the exact-order contract (0.568125ms)
✔ [verify:universe-4c6a26a6-expected] evidence/114-check-intentos-obligation-evidence.test.mjs :: distribution.mjs remains present at its exact unified-entry position (0.295834ms)
✔ [verify:universe-4c6a26a6-negative] evidence/114-check-intentos-obligation-evidence.test.mjs :: omitting runDistributionChecks is rejected by the exact-order contract (0.086042ms)
✔ [verify:universe-f256ee46-expected] evidence/114-check-intentos-obligation-evidence.test.mjs :: generated-project-e2e.mjs remains present at its exact unified-entry position (0.502458ms)
✔ [verify:universe-f256ee46-negative] evidence/114-check-intentos-obligation-evidence.test.mjs :: omitting runGeneratedProjectE2ECheck is rejected by the exact-order contract (0.136041ms)
✔ [verify:universe-ad616f84-expected] evidence/114-check-intentos-obligation-evidence.test.mjs :: shared runtime exposes the one fail-closed state consumed by the entry (0.18775ms)
✔ [verify:universe-ad616f84-negative] evidence/114-check-intentos-obligation-evidence.test.mjs :: a recorded suite failure produces a non-zero shared exit decision (47.668958ms)
✔ [verify:universe-a8dfc71b-expected] evidence/114-check-intentos-obligation-evidence.test.mjs :: the complete unified candidate verification passed through all ordered suites (1.657833ms)
✔ [verify:universe-a8dfc71b-negative] evidence/114-check-intentos-obligation-evidence.test.mjs :: omission duplication and reordering all fail the unified order contract (0.617167ms)
✔ [verify:release-impact-release-smoke-check-release-rollback-monitoring-o] evidence/114-check-intentos-obligation-evidence.test.mjs :: candidate remains local and does not modify hosted release automation (16.066583ms)
ℹ tests 19
ℹ suites 0
ℹ pass 19
ℹ fail 0
ℹ cancelled 0
ℹ skipped 0
ℹ todo 0
ℹ duration_ms 126.171291

process_signal=none
