{
  "artifact_type": "bl2_execution_receipt",
  "schema_version": "1.113.0",
  "command": "fixture-verification",
  "exit_code": 0,
  "result": "PASS",
  "source_revision": "sha256:3c9c8fed67cbed6ff7cda4b24ba2758865c3d3821f0dd9880b44e29ab3091914",
  "requirement_ids": [
    "bl2:auth-permission-industrial:identity-change:audit-trail-evidence",
    "bl2:auth-permission-industrial:identity-change:identity-lifecycle-evidence",
    "bl2:auth-permission-industrial:identity-change:session-or-credential-boundary-evidence",
    "bl2:auth-permission-industrial:permission-change:forbidden-state-evidence",
    "bl2:auth-permission-industrial:permission-change:permission-matrix-evidence",
    "bl2:auth-permission-industrial:permission-change:server-side-enforcement-evidence",
    "bl2:auth-permission-industrial:scope-change:privileged-access-review",
    "bl2:auth-permission-industrial:scope-change:resource-scope-evidence",
    "bl2:auth-permission-industrial:scope-change:tenant-or-ownership-boundary-evidence",
    "bl2:backend-api-industrial:api-change:contract-compatibility-evidence",
    "bl2:backend-api-industrial:api-change:integration-boundary-evidence",
    "bl2:backend-api-industrial:api-change:validation-and-error-behavior-evidence",
    "bl2:backend-api-industrial:permission-change:forbidden-state-evidence",
    "bl2:backend-api-industrial:permission-change:resource-scope-evidence",
    "bl2:backend-api-industrial:permission-change:server-side-permission-test-evidence",
    "bl2:backend-api-industrial:release:incident-readiness-evidence",
    "bl2:backend-api-industrial:release:observability-evidence",
    "bl2:backend-api-industrial:release:rollback-plan",
    "bl2:data-storage-industrial:data-operation:backup-or-restore-evidence",
    "bl2:data-storage-industrial:data-operation:integrity-check-evidence",
    "bl2:data-storage-industrial:data-operation:resource-scope-evidence",
    "bl2:data-storage-industrial:privacy-change:deletion-behavior-evidence",
    "bl2:data-storage-industrial:privacy-change:regulated-data-handling-evidence",
    "bl2:data-storage-industrial:privacy-change:retention-policy-evidence",
    "bl2:data-storage-industrial:schema-change:compatibility-evidence",
    "bl2:data-storage-industrial:schema-change:rollback-or-recovery-evidence",
    "bl2:data-storage-industrial:schema-change:schema-intent-evidence",
    "bl2:internal-admin-industrial:admin-change:forbidden-state-evidence",
    "bl2:internal-admin-industrial:admin-change:resource-scope-evidence",
    "bl2:internal-admin-industrial:admin-change:role-matrix-evidence",
    "bl2:internal-admin-industrial:operation-change:audit-trail-evidence",
    "bl2:internal-admin-industrial:operation-change:confirmation-or-rollback-evidence",
    "bl2:internal-admin-industrial:operation-change:production-data-boundary-evidence",
    "bl2:internal-admin-industrial:release:monitoring-evidence",
    "bl2:internal-admin-industrial:release:operator-impact-review",
    "bl2:internal-admin-industrial:release:rollback-or-mitigation-plan",
    "bl2:web-app-industrial:accessibility:keyboard-focus-and-accessible-name-evidence",
    "bl2:web-app-industrial:accessibility:status-message-and-contrast-evidence",
    "bl2:web-app-industrial:api-error-handling:api-failure-and-recovery-evidence",
    "bl2:web-app-industrial:api-error-handling:auth-and-validation-error-behavior-evidence",
    "bl2:web-app-industrial:dependency-change:client-bundle-impact-review",
    "bl2:web-app-industrial:dependency-change:dependency-rationale-and-vulnerability-review",
    "bl2:web-app-industrial:form-interaction:destructive-action-and-recovery-evidence",
    "bl2:web-app-industrial:form-interaction:form-submission-validation-and-duplicate-submit-evidence",
    "bl2:web-app-industrial:performance:bundle-asset-and-loading-impact-evidence",
    "bl2:web-app-industrial:performance:interaction-responsiveness-evidence",
    "bl2:web-app-industrial:permission-change:forbidden-state-evidence",
    "bl2:web-app-industrial:permission-change:resource-scope-evidence",
    "bl2:web-app-industrial:permission-change:server-side-permission-test-evidence",
    "bl2:web-app-industrial:production-config:deployment-configuration-evidence",
    "bl2:web-app-industrial:production-config:environment-variable-review",
    "bl2:web-app-industrial:production-config:secret-exposure-review",
    "bl2:web-app-industrial:release:monitoring-evidence",
    "bl2:web-app-industrial:release:release-record",
    "bl2:web-app-industrial:release:rollback-plan",
    "bl2:web-app-industrial:ui-change:critical-flow-behavior-evidence",
    "bl2:web-app-industrial:ui-change:loading-empty-error-forbidden-evidence",
    "bl2:web-app-industrial:ui-change:responsive-behavior-evidence",
    "bl2:web-app-industrial:ui-change:success-and-layout-stability-evidence"
  ],
  "scope": "EXAMPLE_FIXTURE_ONLY",
  "external_effect": "NONE"
}
