{
  "artifact_type": "bl2_execution_receipt",
  "schema_version": "1.113.0",
  "command": "fixture-verification",
  "exit_code": 0,
  "result": "PASS",
  "source_revision": "sha256:8e79dfb36c1984618db98a4becff9313c3381d7ec30bf49f49649b769dd09b3b",
  "requirement_ids": [
    "bl2:android-app-industrial:privacy-change:permission-prompt-evidence",
    "bl2:android-app-industrial:privacy-change:privacy-data-handling-evidence",
    "bl2:android-app-industrial:privacy-change:sensitive-local-storage-review",
    "bl2:android-app-industrial:release:crash-and-monitoring-evidence",
    "bl2:android-app-industrial:release:release-configuration-review",
    "bl2:android-app-industrial:release:signing-readiness-evidence",
    "bl2:android-app-industrial:runtime-change:critical-flow-emulator-or-device-evidence",
    "bl2:android-app-industrial:runtime-change:offline-and-background-behavior-evidence",
    "bl2:android-app-industrial:runtime-change:supported-sdk-and-device-matrix-evidence",
    "bl2:auth-permission-industrial:identity-change:audit-trail-evidence",
    "bl2:auth-permission-industrial:identity-change:identity-lifecycle-evidence",
    "bl2:auth-permission-industrial:identity-change:session-or-credential-boundary-evidence",
    "bl2:auth-permission-industrial:permission-change:forbidden-state-evidence",
    "bl2:auth-permission-industrial:permission-change:permission-matrix-evidence",
    "bl2:auth-permission-industrial:permission-change:server-side-enforcement-evidence",
    "bl2:auth-permission-industrial:scope-change:privileged-access-review",
    "bl2:auth-permission-industrial:scope-change:resource-scope-evidence",
    "bl2:auth-permission-industrial:scope-change:tenant-or-ownership-boundary-evidence",
    "bl2:backend-api-industrial:api-change:contract-compatibility-evidence",
    "bl2:backend-api-industrial:api-change:integration-boundary-evidence",
    "bl2:backend-api-industrial:api-change:validation-and-error-behavior-evidence",
    "bl2:backend-api-industrial:permission-change:forbidden-state-evidence",
    "bl2:backend-api-industrial:permission-change:resource-scope-evidence",
    "bl2:backend-api-industrial:permission-change:server-side-permission-test-evidence",
    "bl2:backend-api-industrial:release:incident-readiness-evidence",
    "bl2:backend-api-industrial:release:observability-evidence",
    "bl2:backend-api-industrial:release:rollback-plan",
    "bl2:ios-app-industrial:privacy-change:permission-prompt-evidence",
    "bl2:ios-app-industrial:privacy-change:privacy-data-handling-evidence",
    "bl2:ios-app-industrial:privacy-change:sensitive-local-storage-review",
    "bl2:ios-app-industrial:release:crash-and-monitoring-evidence",
    "bl2:ios-app-industrial:release:release-configuration-review",
    "bl2:ios-app-industrial:release:signing-readiness-evidence",
    "bl2:ios-app-industrial:runtime-change:critical-flow-simulator-or-device-evidence",
    "bl2:ios-app-industrial:runtime-change:offline-and-degraded-network-evidence",
    "bl2:ios-app-industrial:runtime-change:supported-device-and-os-matrix-evidence"
  ],
  "scope": "EXAMPLE_FIXTURE_ONLY",
  "external_effect": "NONE"
}
