{
  "artifact_type": "bl2_execution_receipt",
  "schema_version": "1.113.0",
  "command": "fixture-verification",
  "exit_code": 0,
  "result": "PASS",
  "source_revision": "sha256:ced7155ea8abe335cbd6c18066df7f41ebe3eae58812daba624ed1963a568309",
  "requirement_ids": [
    "bl2:auth-permission-industrial:identity-change:audit-trail-evidence",
    "bl2:auth-permission-industrial:identity-change:identity-lifecycle-evidence",
    "bl2:auth-permission-industrial:identity-change:session-or-credential-boundary-evidence",
    "bl2:auth-permission-industrial:permission-change:forbidden-state-evidence",
    "bl2:auth-permission-industrial:permission-change:permission-matrix-evidence",
    "bl2:auth-permission-industrial:permission-change:server-side-enforcement-evidence",
    "bl2:auth-permission-industrial:scope-change:privileged-access-review",
    "bl2:auth-permission-industrial:scope-change:resource-scope-evidence",
    "bl2:auth-permission-industrial:scope-change:tenant-or-ownership-boundary-evidence",
    "bl2:cloudbase-industrial:cloud-change:access-rule-evidence",
    "bl2:cloudbase-industrial:cloud-change:cloud-function-boundary-evidence",
    "bl2:cloudbase-industrial:cloud-change:environment-separation-evidence",
    "bl2:cloudbase-industrial:data-change:database-access-evidence",
    "bl2:cloudbase-industrial:data-change:managed-storage-boundary-evidence",
    "bl2:cloudbase-industrial:data-change:privacy-data-handling-evidence",
    "bl2:cloudbase-industrial:release:deployment-evidence",
    "bl2:cloudbase-industrial:release:monitoring-evidence",
    "bl2:cloudbase-industrial:release:rollback-or-mitigation-plan",
    "bl2:data-storage-industrial:data-operation:backup-or-restore-evidence",
    "bl2:data-storage-industrial:data-operation:integrity-check-evidence",
    "bl2:data-storage-industrial:data-operation:resource-scope-evidence",
    "bl2:data-storage-industrial:privacy-change:deletion-behavior-evidence",
    "bl2:data-storage-industrial:privacy-change:regulated-data-handling-evidence",
    "bl2:data-storage-industrial:privacy-change:retention-policy-evidence",
    "bl2:data-storage-industrial:schema-change:compatibility-evidence",
    "bl2:data-storage-industrial:schema-change:rollback-or-recovery-evidence",
    "bl2:data-storage-industrial:schema-change:schema-intent-evidence",
    "bl2:wechat-miniprogram-industrial:client-storage:client-storage-minimization-evidence",
    "bl2:wechat-miniprogram-industrial:client-storage:sensitive-data-handling-evidence",
    "bl2:wechat-miniprogram-industrial:cloud-function-access-rule:api-failure-and-recovery-evidence",
    "bl2:wechat-miniprogram-industrial:cloud-function-access-rule:cloud-access-rule-evidence",
    "bl2:wechat-miniprogram-industrial:cloud-function-access-rule:cloud-function-boundary-evidence",
    "bl2:wechat-miniprogram-industrial:cloud-function-access-rule:production-configuration-review",
    "bl2:wechat-miniprogram-industrial:cloud-function-access-rule:storage-access-evidence",
    "bl2:wechat-miniprogram-industrial:payment:payment-callback-idempotency-evidence",
    "bl2:wechat-miniprogram-industrial:payment:payment-request-validation-evidence",
    "bl2:wechat-miniprogram-industrial:payment:refund-or-failure-recovery-evidence",
    "bl2:wechat-miniprogram-industrial:platform-permission:denied-permission-evidence",
    "bl2:wechat-miniprogram-industrial:platform-permission:platform-permission-prompt-evidence",
    "bl2:wechat-miniprogram-industrial:platform-permission:privacy-authorization-evidence",
    "bl2:wechat-miniprogram-industrial:release:experience-version-evidence",
    "bl2:wechat-miniprogram-industrial:release:monitoring-evidence",
    "bl2:wechat-miniprogram-industrial:release:platform-review-readiness",
    "bl2:wechat-miniprogram-industrial:release:release-submission-readiness",
    "bl2:wechat-miniprogram-industrial:release:rollback-or-mitigation-plan",
    "bl2:wechat-miniprogram-industrial:subscription-share:share-entry-behavior-evidence",
    "bl2:wechat-miniprogram-industrial:subscription-share:subscription-message-authorization-evidence",
    "bl2:wechat-miniprogram-industrial:ui-state:critical-flow-behavior-evidence",
    "bl2:wechat-miniprogram-industrial:ui-state:mini-program-lifecycle-evidence",
    "bl2:wechat-miniprogram-industrial:ui-state:mini-program-loading-empty-error-forbidden-evidence",
    "bl2:wechat-miniprogram-industrial:ui-state:navigation-and-return-path-evidence",
    "bl2:wechat-miniprogram-industrial:wechat-login:denied-permission-evidence",
    "bl2:wechat-miniprogram-industrial:wechat-login:session-binding-evidence",
    "bl2:wechat-miniprogram-industrial:wechat-login:wechat-login-state-evidence"
  ],
  "scope": "EXAMPLE_FIXTURE_ONLY",
  "external_effect": "NONE"
}
