IntentOS 1.113 task-bound verification evidence
Observed: 2026-07-21T05:10:44.863Z
Run ID: vrun-113-cross-domain-trust-r46
Task ref: task:17bb774d904e7e5418668f77f40440ad80a50edf32bc43c9a71860a2a8503b98
Intent digest: sha256:ffe295876d2af0c000da0c80666b673afdbbd82ecd18dd77919641947306594d
Source revision: sha256:9ee346c880b91a2f1f8595c7bcad7aedb1e63722328a289ed61c3788fdd88f0a
Verification plan: artifact:verification-plans/113-cross-domain-trust-closure.md
Verification plan digest: sha256:f31bb1fef6875d0dc81614d4cc9a407bd3ebc902f6449b48ef8d3c0aec8c748c
Result state: PASSED
External effects: No
Production actions: No
Cleanup result: PASSED

Current-run evidence:
- evidence/runtime-runs/vrun-113-cross-domain-trust-r46/outputs/self-current-candidate-verification.log | sha256:5095a04d9e0843b29f37d03187f8d9e957b49dfeaef89d414c17d2144e462f3a | 208/208 tests passed
- evidence/runtime-runs/vrun-113-cross-domain-trust-r46/outputs/self-current-obligation-evidence.log | sha256:6da8d4074059183dd7fa8bcbff8d2765cc63b7d7ba81b7bede4a99c9bdea4dc2 | 126/126 tests passed
- evidence/runtime-runs/vrun-113-cross-domain-trust-r46/outputs/self-current-runtime-behavior.log | sha256:f7e9d924d6f29b6bfb13bd6c8d70705d901dde75591f730900ac0699e3ebc064 | 2/2 tests passed
- evidence/runtime-runs/vrun-113-cross-domain-trust-r46/evidence/cleanup-after.txt | sha256:748b245e8d3fe853cd345c659e6904d61e804dafe603a6c63779a1d0a27ec591 | run-owned resources cleaned

Coverage summary:
- Current Verification Plan obligations: 119
- Blocking obligations: 119
- Obligations covered by current-run evidence: 119
- Candidate verification: 208/208 passed
- Task-obligation verification: 126/126 passed
- Runtime behavior verification: 2/2 passed
- Positive and negative runtime probes: passed

Limitations:
- Proves the bounded 1.113 source candidate in an isolated local runtime owned by this run.
- Does not prove an external production environment and does not authorize release or any external effect.
