{
  "artifact_type": "bl2_execution_receipt",
  "schema_version": "1.113.0",
  "command": "fixture-verification",
  "exit_code": 0,
  "result": "PASS",
  "source_revision": "sha256:8e5cf2bc88779bf227af7436d9514ff3e39d9d9dbc8873adb47f61d3c0f32151",
  "requirement_ids": [
    "bl2:auth-permission-industrial:identity-change:audit-trail-evidence",
    "bl2:auth-permission-industrial:identity-change:identity-lifecycle-evidence",
    "bl2:auth-permission-industrial:identity-change:session-or-credential-boundary-evidence",
    "bl2:auth-permission-industrial:permission-change:forbidden-state-evidence",
    "bl2:auth-permission-industrial:permission-change:permission-matrix-evidence",
    "bl2:auth-permission-industrial:permission-change:server-side-enforcement-evidence",
    "bl2:auth-permission-industrial:scope-change:privileged-access-review",
    "bl2:auth-permission-industrial:scope-change:resource-scope-evidence",
    "bl2:auth-permission-industrial:scope-change:tenant-or-ownership-boundary-evidence",
    "bl2:backend-api-industrial:api-change:contract-compatibility-evidence",
    "bl2:backend-api-industrial:api-change:integration-boundary-evidence",
    "bl2:backend-api-industrial:api-change:validation-and-error-behavior-evidence",
    "bl2:backend-api-industrial:permission-change:forbidden-state-evidence",
    "bl2:backend-api-industrial:permission-change:resource-scope-evidence",
    "bl2:backend-api-industrial:permission-change:server-side-permission-test-evidence",
    "bl2:backend-api-industrial:release:incident-readiness-evidence",
    "bl2:backend-api-industrial:release:observability-evidence",
    "bl2:backend-api-industrial:release:rollback-plan",
    "bl2:data-storage-industrial:data-operation:backup-or-restore-evidence",
    "bl2:data-storage-industrial:data-operation:integrity-check-evidence",
    "bl2:data-storage-industrial:data-operation:resource-scope-evidence",
    "bl2:data-storage-industrial:privacy-change:deletion-behavior-evidence",
    "bl2:data-storage-industrial:privacy-change:regulated-data-handling-evidence",
    "bl2:data-storage-industrial:privacy-change:retention-policy-evidence",
    "bl2:data-storage-industrial:schema-change:compatibility-evidence",
    "bl2:data-storage-industrial:schema-change:rollback-or-recovery-evidence",
    "bl2:data-storage-industrial:schema-change:schema-intent-evidence",
    "bl2:high-risk-change-industrial:execution-readiness:monitoring-and-incident-response-evidence",
    "bl2:high-risk-change-industrial:execution-readiness:rollback-or-mitigation-plan",
    "bl2:high-risk-change-industrial:execution-readiness:verification-matrix-evidence",
    "bl2:high-risk-change-industrial:production-safety:production-configuration-review",
    "bl2:high-risk-change-industrial:production-safety:recovery-evidence",
    "bl2:high-risk-change-industrial:production-safety:secret-exposure-review",
    "bl2:high-risk-change-industrial:risk-classification:approval-scope-evidence",
    "bl2:high-risk-change-industrial:risk-classification:blast-radius-evidence",
    "bl2:high-risk-change-industrial:risk-classification:risk-classification-evidence",
    "bl2:payment-value-transfer-industrial:financial-integrity:audit-trail-evidence",
    "bl2:payment-value-transfer-industrial:financial-integrity:operator-review-evidence",
    "bl2:payment-value-transfer-industrial:financial-integrity:reconciliation-evidence",
    "bl2:payment-value-transfer-industrial:release:human-approval-evidence",
    "bl2:payment-value-transfer-industrial:release:monitoring-evidence",
    "bl2:payment-value-transfer-industrial:release:rollback-or-compensation-plan",
    "bl2:payment-value-transfer-industrial:value-transfer-change:duplicate-submit-protection-evidence",
    "bl2:payment-value-transfer-industrial:value-transfer-change:idempotency-evidence",
    "bl2:payment-value-transfer-industrial:value-transfer-change:value-movement-state-model-evidence"
  ],
  "scope": "EXAMPLE_FIXTURE_ONLY",
  "external_effect": "NONE"
}
